<?xml version="1.0" encoding="UTF-8"?>
<!-- Generated by org.testng.reporters.JUnitReportReporter -->
<testsuite hostname="tomasz-Lenovo-G500s" name="com.asfr.connection.ConnectorTest" tests="4" failures="0" timestamp="10 Jul 2014 20:01:21 GMT" time="1.244" errors="0">
  <testcase name="testSearchPage" time="1.232" classname="com.asfr.connection.ConnectorTest"/>
  <testcase name="testNormalCarDetailsPage" time="0.011" classname="com.asfr.connection.ConnectorTest"/>
  <testcase name="testPremiumCarDetailsPage" time="0.001" classname="com.asfr.connection.ConnectorTest"/>
  <testcase name="testPremiumCarsPage" time="0.000" classname="com.asfr.connection.ConnectorTest"/>
</testsuite> <!-- com.asfr.connection.ConnectorTest -->
