<?xml version="1.0" encoding="UTF-8"?>
<!-- Generated by org.testng.reporters.JUnitReportReporter -->
<testsuite hostname="tomasz-Lenovo-G500s" name="com.asfr.data.PageMdtTest" tests="1" failures="0" timestamp="10 Jul 2014 21:02:33 GMT" time="44.733" errors="0">
  <testcase name="testGetTotalCount" time="44.733" classname="com.asfr.data.PageMdtTest"/>
</testsuite> <!-- com.asfr.data.PageMdtTest -->
