<?xml version="1.0" encoding="UTF-8"?>
<!-- Generated by org.testng.reporters.JUnitReportReporter -->
<testsuite hostname="tomasz-Lenovo-G500s" name="com.asfr.data.DataProviderTest" tests="4" failures="0" timestamp="10 Jul 2014 20:15:59 GMT" time="1.340" errors="0">
  <testcase name="testPremiumCarsPage" time="0.001" classname="com.asfr.data.DataProviderTest"/>
  <testcase name="testGetCarItems" time="1.338" classname="com.asfr.data.DataProviderTest"/>
  <testcase name="testNormalCarDetailsPage" time="0.001" classname="com.asfr.data.DataProviderTest"/>
  <testcase name="testPremiumCarDetailsPage" time="0.000" classname="com.asfr.data.DataProviderTest"/>
</testsuite> <!-- com.asfr.data.DataProviderTest -->
